[2022-08-16T13:44:20.190] [ERROR] aplication - 401
[2022-08-16T13:45:20.633] [ERROR] aplication - UnauthorizedError: Unauthorized
    at /src/routers/unsecurity.js:45:27
    at processTicksAndRejections (node:internal/process/task_queues:96:5)
[2022-08-16T13:45:20.635] [ERROR] aplication - 401
[2022-08-16T15:36:32.206] [ERROR] aplication - UnauthorizedError: Unauthorized
    at /src/routers/unsecurity.js:45:27
    at runMicrotasks (<anonymous>)
    at processTicksAndRejections (node:internal/process/task_queues:96:5)
[2022-08-16T15:49:45.205] [ERROR] aplication - UnauthorizedError: Unauthorized
    at /src/routers/unsecurity.js:45:27
    at runMicrotasks (<anonymous>)
    at processTicksAndRejections (node:internal/process/task_queues:96:5)
[2022-08-16T15:51:31.610] [ERROR] aplication - UnauthorizedError: Unauthorized
    at /src/routers/unsecurity.js:45:27
    at runMicrotasks (<anonymous>)
    at processTicksAndRejections (node:internal/process/task_queues:96:5)
[2022-08-16T15:54:57.640] [ERROR] aplication - UnauthorizedError: Unauthorized
    at /src/routers/unsecurity.js:45:27
    at runMicrotasks (<anonymous>)
    at processTicksAndRejections (node:internal/process/task_queues:96:5)
[2022-08-16T16:00:23.201] [ERROR] aplication - UnauthorizedError: Unauthorized
    at /src/routers/unsecurity.js:45:27
    at runMicrotasks (<anonymous>)
    at processTicksAndRejections (node:internal/process/task_queues:96:5)
[2022-08-16T16:01:40.782] [ERROR] aplication - UnauthorizedError: Unauthorized
    at /src/routers/unsecurity.js:45:27
    at runMicrotasks (<anonymous>)
    at processTicksAndRejections (node:internal/process/task_queues:96:5)
[2022-08-16T16:02:30.726] [ERROR] aplication - UnauthorizedError: Unauthorized
    at /src/routers/unsecurity.js:45:27
    at runMicrotasks (<anonymous>)
    at processTicksAndRejections (node:internal/process/task_queues:96:5)
[2022-08-16T16:03:05.648] [ERROR] aplication - UnauthorizedError: Unauthorized
    at /src/routers/unsecurity.js:45:27
    at runMicrotasks (<anonymous>)
    at processTicksAndRejections (node:internal/process/task_queues:96:5)
[2022-08-16T16:03:20.605] [ERROR] aplication - UnauthorizedError: Unauthorized
    at /src/routers/unsecurity.js:45:27
    at runMicrotasks (<anonymous>)
    at processTicksAndRejections (node:internal/process/task_queues:96:5)
[2022-08-16T16:05:11.775] [ERROR] aplication - UnauthorizedError: Unauthorized
    at /src/routers/unsecurity.js:45:27
    at runMicrotasks (<anonymous>)
    at processTicksAndRejections (node:internal/process/task_queues:96:5)
[2022-08-16T16:06:01.974] [ERROR] aplication - UnauthorizedError: Unauthorized
    at /src/routers/unsecurity.js:45:27
    at runMicrotasks (<anonymous>)
    at processTicksAndRejections (node:internal/process/task_queues:96:5)
[2022-08-16T16:08:42.468] [ERROR] aplication - UnauthorizedError: Unauthorized
    at /src/routers/unsecurity.js:45:27
    at runMicrotasks (<anonymous>)
    at processTicksAndRejections (node:internal/process/task_queues:96:5)
[2022-08-16T16:09:10.552] [ERROR] aplication - UnauthorizedError: Unauthorized
    at /src/routers/unsecurity.js:45:27
    at runMicrotasks (<anonymous>)
    at processTicksAndRejections (node:internal/process/task_queues:96:5)
[2022-08-16T16:09:22.038] [ERROR] aplication - UnauthorizedError: Unauthorized
    at /src/routers/unsecurity.js:45:27
    at runMicrotasks (<anonymous>)
    at processTicksAndRejections (node:internal/process/task_queues:96:5)
[2022-08-16T16:09:28.466] [ERROR] aplication - UnauthorizedError: Unauthorized
    at /src/routers/unsecurity.js:45:27
    at runMicrotasks (<anonymous>)
    at processTicksAndRejections (node:internal/process/task_queues:96:5)
