[0mPOST /v1/unsecurity/login [33m401[0m 38.104 ms - 65[0m
[0mPOST /v1/unsecurity/login [33m401[0m 37.138 ms - 65[0m
[0mGET /v1/profiles/62f45a0e0d1d485097d86c2f [36m304[0m 70.193 ms - -[0m
[0mGET /v1/feed?page&=0 [36m304[0m 93.585 ms - -[0m
[0mGET /v1/feed?page&=1 [36m304[0m 96.290 ms - -[0m
[0mGET /v1/profiles/62f45a0e0d1d485097d86c2f [36m304[0m 32.727 ms - -[0m
[0mGET /v1/profiles [36m304[0m 41.398 ms - -[0m
[0mGET /v1/profiles/62f45a0e0d1d485097d86c2f [36m304[0m 53.117 ms - -[0m
[0mPUT /v1/profiles [32m200[0m 51.870 ms - 29[0m
[0mPUT /v1/profiles [32m200[0m 35.213 ms - 29[0m
[0mGET /v1/profiles/62f45a0e0d1d485097d86c2f [32m200[0m 28.650 ms - 1241[0m
[0mGET /v1/feed?page&=0 [32m200[0m 91.299 ms - 16209[0m
[0mGET /v1/profiles/62f45a0e0d1d485097d86c2f [36m304[0m 22.682 ms - -[0m
[0mGET /v1/feed?page&=1 [32m200[0m 103.464 ms - 16209[0m
[0mGET /v1/feed?page&=2 [32m200[0m 49.151 ms - 16209[0m
[0mGET /v1/profiles/62f45a0e0d1d485097d86c2f [36m304[0m 26.327 ms - -[0m
[0mGET /v1/profiles/62f45a0e0d1d485097d86c2f [36m304[0m 57.016 ms - -[0m
[0mGET /v1/profiles/62f45a0e0d1d485097d86c2f [36m304[0m 47.544 ms - -[0m
[0mGET /v1/feed?page&=0 [36m304[0m 20.456 ms - -[0m
[0mGET /v1/profiles/62f45a0e0d1d485097d86c2f [36m304[0m 65.501 ms - -[0m
[0mGET /v1/feed?page&=1 [36m304[0m 78.458 ms - -[0m
[0mGET /v1/profiles/62f45a0e0d1d485097d86c2f [36m304[0m 59.338 ms - -[0m
[0mGET /v1/profiles/62f45a0e0d1d485097d86c2f [36m304[0m 102.929 ms - -[0m
[0mGET /v1/feed?page&=1 [36m304[0m 106.152 ms - -[0m
[0mGET /v1/feed?page&=0 [36m304[0m 112.403 ms - -[0m
[0mGET /v1/profiles/62f45a0e0d1d485097d86c2f [36m304[0m 45.968 ms - -[0m
[0mPOST /v1/unsecurity/register [32m201[0m 110.264 ms - 26[0m
[0mPOST /v1/unsecurity/login [32m201[0m 87.219 ms - 229[0m
[0mGET /v1/profiles/62fbaea94763dcd26f29879d [32m200[0m 21.067 ms - 153[0m
[0mGET /v1/feed?page&=0 [32m200[0m 21.350 ms - 2[0m
[0mGET /v1/feed?page&=1 [32m200[0m 23.683 ms - 2[0m
[0mGET /v1/profiles/62fbaea94763dcd26f29879d [36m304[0m 55.491 ms - -[0m
[0mGET /v1/profiles/62fbaea94763dcd26f29879d [36m304[0m 41.444 ms - -[0m
[0mGET /v1/profiles/62fbaea94763dcd26f29879d [36m304[0m 51.737 ms - -[0m
[0mGET /v1/feed/profile/undefined [33m404[0m 50.307 ms - 68[0m
[0mGET /v1/profiles/undefined [33m404[0m 50.614 ms - 64[0m
[0mGET /v1/feed/profile/undefined [33m404[0m 27.567 ms - 68[0m
[0mGET /v1/profiles/undefined [33m404[0m 39.388 ms - 64[0m
[0mGET /v1/feed/profile/undefined [33m404[0m 31.512 ms - 68[0m
[0mGET /v1/profiles/undefined [33m404[0m 33.268 ms - 64[0m
[0mGET /v1/profiles/62fbaea94763dcd26f29879d [36m304[0m 33.314 ms - -[0m
[0mGET /v1/profiles/62fbaea94763dcd26f29879d [36m304[0m 27.369 ms - -[0m
[0mGET /v1/profiles [32m200[0m 23.437 ms - 15619[0m
[0mGET /v1/profiles/62f45a0e0d1d485097d86c3d [32m200[0m 40.053 ms - 1265[0m
[0mGET /v1/feed/profile/62f45a0e0d1d485097d86c3d [32m200[0m 40.713 ms - 7073[0m
[0mGET /v1/feed/profile/62fbaea94763dcd26f29879d [32m200[0m 35.321 ms - 2[0m
[0mGET /v1/profiles/62fbaea94763dcd26f29879d [36m304[0m 35.042 ms - -[0m
[0mGET /v1/profiles/62fbaea94763dcd26f29879d [36m304[0m 31.769 ms - -[0m
[0mGET /v1/profiles/62fbaea94763dcd26f29879d [36m304[0m 76.424 ms - -[0m
[0mGET /v1/feed?page&=1 [36m304[0m 76.322 ms - -[0m
[0mGET /v1/feed?page&=2 [32m200[0m 77.684 ms - 2[0m
[0mGET /v1/profiles/62fbaea94763dcd26f29879d [36m304[0m 33.836 ms - -[0m
[0mGET /v1/feed?page&=2 [36m304[0m 35.115 ms - -[0m
[0mGET /v1/profiles/62fbaea94763dcd26f29879d [36m304[0m 37.264 ms - -[0m
[0mGET /v1/feed?page&=2 [36m304[0m 43.546 ms - -[0m
[0mGET /v1/profiles/62fbaea94763dcd26f29879d [36m304[0m 63.807 ms - -[0m
[0mGET /v1/feed?page&=2 [36m304[0m 70.923 ms - -[0m
[0mGET /v1/feed?page&=3 [32m200[0m 48.007 ms - 2[0m
[0mGET /v1/profiles/62fbaea94763dcd26f29879d [36m304[0m 37.165 ms - -[0m
[0mGET /v1/profiles/62fbaea94763dcd26f29879d [36m304[0m 46.831 ms - -[0m
[0mGET /v1/feed?page&=0 [36m304[0m 61.986 ms - -[0m
[0mGET /v1/feed?page&=1 [36m304[0m 44.637 ms - -[0m
[0mGET /v1/feed/profile/62fbaea94763dcd26f29879d [36m304[0m 74.024 ms - -[0m
[0mGET /v1/profiles/62fbaea94763dcd26f29879d [36m304[0m 73.826 ms - -[0m
[0mGET /v1/profiles/62fbaea94763dcd26f29879d [36m304[0m 83.058 ms - -[0m
[0mGET /v1/feed?page&=0 [36m304[0m 57.924 ms - -[0m
[0mGET /v1/profiles/62fbaea94763dcd26f29879d [36m304[0m 58.107 ms - -[0m
[0mGET /v1/feed?page&=1 [36m304[0m 15.664 ms - -[0m
[0mGET /v1/profiles/62fbaea94763dcd26f29879d [36m304[0m 63.283 ms - -[0m
[0mGET /v1/feed/profile/62fbaea94763dcd26f29879d [36m304[0m 62.985 ms - -[0m
[0mPOST /v1/unsecurity/login [32m201[0m 100.612 ms - 229[0m
[0mGET /v1/feed?page&=0 [36m304[0m 11.143 ms - -[0m
[0mGET /v1/profiles/62fbaea94763dcd26f29879d [36m304[0m 10.020 ms - -[0m
[0mGET /v1/feed?page&=1 [36m304[0m 35.542 ms - -[0m
[0mGET /v1/feed?page&=0 [36m304[0m 46.906 ms - -[0m
[0mGET /v1/profiles/62fbaea94763dcd26f29879d [36m304[0m 46.639 ms - -[0m
[0mGET /v1/feed?page&=1 [36m304[0m 48.764 ms - -[0m
[0mGET /v1/profiles [36m304[0m 34.032 ms - -[0m
[0mGET /v1/feed/profile/62fbaea94763dcd26f29879d [36m304[0m 38.238 ms - -[0m
[0mGET /v1/profiles/62fbaea94763dcd26f29879d [36m304[0m 33.402 ms - -[0m
[0mGET /v1/profiles/62fbaea94763dcd26f29879d [36m304[0m 9.472 ms - -[0m
[0mGET /v1/profiles/62fbaea94763dcd26f29879d [36m304[0m 38.265 ms - -[0m
[0mGET /v1/profiles/62fbaea94763dcd26f29879d [36m304[0m 67.942 ms - -[0m
[0mGET /v1/feed?page&=0 [36m304[0m 77.439 ms - -[0m
[0mGET /v1/feed?page&=1 [36m304[0m 71.979 ms - -[0m
[0mGET /v1/feed?page&=0 [36m304[0m 11.577 ms - -[0m
[0mGET /v1/profiles/62fbaea94763dcd26f29879d [36m304[0m 29.566 ms - -[0m
[0mGET /v1/feed?page&=1 [36m304[0m 54.322 ms - -[0m
[0mGET /v1/profiles/62fbaea94763dcd26f29879d [36m304[0m 83.894 ms - -[0m
[0mGET /v1/feed/profile/62fbaea94763dcd26f29879d [36m304[0m 84.661 ms - -[0m
[0mPOST /v1/unsecurity/login [33m401[0m 44.901 ms - 65[0m
[0mPOST /v1/unsecurity/login [33m401[0m 5.789 ms - 65[0m
[0mPOST /v1/unsecurity/login [33m401[0m 21.493 ms - 65[0m
[0mPOST /v1/unsecurity/register [33m406[0m 148.877 ms - 588[0m
[0mPOST /v1/unsecurity/register [33m406[0m 139.014 ms - 588[0m
[0mPOST /v1/unsecurity/login [33m401[0m 21.564 ms - 65[0m
[0mPOST /v1/unsecurity/login [33m401[0m 3.973 ms - 65[0m
[0mPOST /v1/unsecurity/login [33m401[0m 13.170 ms - 65[0m
[0mPOST /v1/unsecurity/login [33m401[0m 7.596 ms - 65[0m
[0mPOST /v1/unsecurity/register [33m406[0m 141.688 ms - 588[0m
[0mPOST /v1/unsecurity/login [33m401[0m 11.262 ms - 65[0m
[0mPOST /v1/unsecurity/login [33m401[0m 11.787 ms - 65[0m
[0mPOST /v1/unsecurity/login [33m401[0m 19.671 ms - 65[0m
[0mPOST /v1/unsecurity/login [33m401[0m 35.668 ms - 65[0m
[0mPOST /v1/unsecurity/login [33m401[0m 19.911 ms - 65[0m
[0mPOST /v1/unsecurity/register [33m406[0m 148.466 ms - 588[0m
[0mPOST /v1/unsecurity/login [33m401[0m 18.215 ms - 65[0m
[0mPOST /v1/unsecurity/register [33m406[0m 106.500 ms - 588[0m
[0mPOST /v1/unsecurity/login [33m401[0m 12.137 ms - 65[0m
[0mPOST /v1/unsecurity/login [33m401[0m 14.737 ms - 65[0m
[0mPOST /v1/unsecurity/login [32m201[0m 145.278 ms - 371[0m
[0mGET /v1/feed?page&=0 [32m200[0m 67.603 ms - 16209[0m
[0mGET /v1/profiles/62f45a0e0d1d485097d86c2f [36m304[0m 57.842 ms - -[0m
[0mGET /v1/feed?page&=1 [32m200[0m 34.260 ms - 16209[0m
[0mGET /v1/feed?page&=2 [32m200[0m 38.785 ms - 16209[0m
[0mGET /v1/profiles [36m304[0m 61.613 ms - -[0m
[0mGET /v1/feed/profile/62f45a0e0d1d485097d86c2f [32m200[0m 68.180 ms - 10263[0m
[0mGET /v1/profiles/62f45a0e0d1d485097d86c2f [36m304[0m 65.512 ms - -[0m
[0mGET /v1/feed/profile/62f45a0e0d1d485097d86c2f [36m304[0m 72.247 ms - -[0m
[0mGET /v1/profiles/62f45a0e0d1d485097d86c2f [36m304[0m 73.132 ms - -[0m
[0mGET /v1/profiles/62f45a0e0d1d485097d86c2f [36m304[0m 33.221 ms - -[0m
[0mGET /v1/profiles/62f45a0e0d1d485097d86c2f [36m304[0m 31.498 ms - -[0m
[0mPUT /v1/profiles [32m200[0m 31.203 ms - 29[0m
[0mGET /v1/profiles/62f45a0e0d1d485097d86c2f [36m304[0m 22.575 ms - -[0m
[0mPUT /v1/profiles [32m200[0m 59.249 ms - 29[0m
[0mGET /v1/profiles/62f45a0e0d1d485097d86c2f [36m304[0m 61.447 ms - -[0m
[0mGET /v1/feed/profile/62f45a0e0d1d485097d86c2f [36m304[0m 65.458 ms - -[0m
[0mGET /v1/feed?page&=0 [36m304[0m 29.864 ms - -[0m
[0mGET /v1/profiles/62f45a0e0d1d485097d86c2f [36m304[0m 43.951 ms - -[0m
[0mGET /v1/feed?page&=1 [36m304[0m 60.979 ms - -[0m
[0mGET /v1/feed?page&=0 [36m304[0m 20.445 ms - -[0m
[0mGET /v1/profiles/62f45a0e0d1d485097d86c2f [36m304[0m 49.507 ms - -[0m
[0mGET /v1/feed?page&=1 [36m304[0m 65.752 ms - -[0m
[0mGET /v1/profiles/62f45a0e0d1d485097d86c2f [36m304[0m 25.200 ms - -[0m
[0mGET /v1/feed/profile/62f45a0e0d1d485097d86c2f [36m304[0m 33.374 ms - -[0m
[0mGET /v1/profiles/62f45a0e0d1d485097d86c2f [36m304[0m 10.177 ms - -[0m
[0mGET /v1/profiles/62f45a0e0d1d485097d86c2f [36m304[0m 19.424 ms - -[0m
[0mPUT /v1/profilfes [33m404[0m 7.818 ms - 55[0m
[0mGET /v1/profiles/62f45a0e0d1d485097d86c2f [36m304[0m 12.478 ms - -[0m
[0mGET /v1/profiles/62f45a0e0d1d485097d86c2f [36m304[0m 37.626 ms - -[0m
[0mGET /v1/profiles [32m200[0m 56.792 ms - 15619[0m
[0mGET /v1/profiles [36m304[0m 17.743 ms - -[0m
[0mGET /v1/profiles/62f45a0e0d1d485097d86c2f [36m304[0m 49.379 ms - -[0m
[0mGET /v1/feed?page&=1 [36m304[0m 77.923 ms - -[0m
[0mGET /v1/feed?page&=0 [36m304[0m 84.153 ms - -[0m
[0mGET /v1/profiles/62f45a0e0d1d485097d86c2f [36m304[0m 19.741 ms - -[0m
[0mGET /v1/feed/profile/62f45a0e0d1d485097d86c2f [36m304[0m 22.349 ms - -[0m
[0mPOST /v1/unsecurity/login [32m201[0m 111.010 ms - 371[0m
[0mGET /v1/profiles/62f45a0e0d1d485097d86c2f [36m304[0m 36.770 ms - -[0m
[0mGET /v1/feed?page&=0 [36m304[0m 35.759 ms - -[0m
[0mGET /v1/feed?page&=1 [36m304[0m 41.742 ms - -[0m
[0mGET /v1/feed?page&=2 [36m304[0m 23.990 ms - -[0m
[0mGET /v1/profiles/62f45a0e0d1d485097d86c2f [36m304[0m 57.538 ms - -[0m
[0mGET /v1/feed/profile/62f45a0e0d1d485097d86c2f [36m304[0m 66.696 ms - -[0m
[0mPOST /v1/unsecurity/login [32m201[0m 107.958 ms - 371[0m
[0mGET /v1/profiles/62f45a0e0d1d485097d86c2f [36m304[0m 27.697 ms - -[0m
[0mGET /v1/feed?page&=0 [36m304[0m 35.722 ms - -[0m
[0mGET /v1/feed?page&=1 [36m304[0m 43.498 ms - -[0m
[0mGET /v1/profiles/62f45a0e0d1d485097d86c2f [36m304[0m 14.870 ms - -[0m
[0mGET /v1/feed?page&=1 [36m304[0m 20.792 ms - -[0m
[0mGET /v1/profiles/62f45a0e0d1d485097d86c2f [36m304[0m 38.871 ms - -[0m
[0mGET /v1/feed/profile/62f45a0e0d1d485097d86c2f [36m304[0m 45.245 ms - -[0m
[0mPOST /v1/unsecurity/login [32m201[0m 116.040 ms - 371[0m
[0mGET /v1/feed?page&=0 [36m304[0m 54.128 ms - -[0m
[0mGET /v1/profiles/62f45a0e0d1d485097d86c2f [36m304[0m 18.553 ms - -[0m
[0mGET /v1/feed/profile/62f45a0e0d1d485097d86c2f [36m304[0m 55.122 ms - -[0m
[0mGET /v1/profiles/62f45a0e0d1d485097d86c2f [36m304[0m 58.350 ms - -[0m
[0mGET /v1/profiles [36m304[0m 39.034 ms - -[0m
[0mGET /v1/feed/profile/62f45a0e0d1d485097d86c4b [36m304[0m 39.980 ms - -[0m
[0mGET /v1/profiles/62f45a0e0d1d485097d86c4b [36m304[0m 29.467 ms - -[0m
[0mGET /v1/posts/62f4ed8a20efad6a6d27e4a2 [32m200[0m 62.498 ms - 3597[0m
[0mGET /v1/profiles/62f45a0e0d1d485097d86c3d [36m304[0m 40.522 ms - -[0m
[0mGET /v1/feed/profile/62f45a0e0d1d485097d86c3d [36m304[0m 48.196 ms - -[0m
